app/build/outputs/mapping/release/configuration.txt
# The proguard configuration file for the following section is Android Gradle plugin 9.3.1 (extracted file: C:\Users\jhust\Documents\jcr-guide-pro-source\android\app\build\intermediates\default_proguard_files\global\proguard-android-optimize.txt-9.3.1)
# This is a configuration file for ProGuard.
# http://proguard.sourceforge.net/index.html#manual/usage.html
#
# Starting with version 2.2 of the Android plugin for Gradle, this file is distributed together with
# the plugin and unpacked at build-time. The files in $ANDROID_HOME are no longer maintained and
# will be ignored by new version of the Android plugin for Gradle.

# Optimizations: If you don't want to optimize, use the proguard-android.txt configuration file
# instead of this one, which turns off the optimization flags.
-allowaccessmodification

# Preserve some attributes that may be required for reflection.
-keepattributes AnnotationDefault,
                EnclosingMethod,
                InnerClasses,
                RuntimeVisibleAnnotations,
                RuntimeVisibleParameterAnnotations,
                RuntimeVisibleTypeAnnotations,
                Signature

-keep public class com.google.vending.licensing.ILicensingService
-keep public class com.android.vending.licensing.ILicensingService
-keep public class com.google.android.vending.licensing.ILicensingService
-dontnote com.android.vending.licensing.ILicensingService
-dontnote com.google.vending.licensing.ILicensingService
-dontnote com.google.android.vending.licensing.ILicensingService

# For native methods, see https://www.guardsquare.com/manual/configuration/examples#native
-keepclasseswithmembernames,includedescriptorclasses class * {
    native <methods>;
}

# Keep setters in Views so that animations can still work.
-keepclassmembers public class * extends android.view.View {
    void set*(***);
    *** get*();
}

# We want to keep methods in Activity that could be used in the XML attribute onClick.
-keepclassmembers class * extends android.app.Activity {
    public void *(android.view.View);
}

# For enumeration classes, see https://www.guardsquare.com/manual/configuration/examples#enumerations
-keepclassmembers enum * {
    public static **[] values();
    public static ** valueOf(java.lang.String);
}

-keepclassmembers class * implements android.os.Parcelable {
    public static final ** CREATOR;
}

# Preserve annotated Javascript interface methods.
-keepclassmembers class * {
    @android.webkit.JavascriptInterface <methods>;
}

# The support libraries contains references to newer platform versions.
# Don't warn about those in case this app is linking against an older
# platform version. We know about them, and they are safe.
-dontnote android.support.**
-dontnote androidx.**
-dontwarn android.support.**
-dontwarn androidx.**

# Understand the @Keep support annotation.
-keep class android.support.annotation.Keep

-keep @android.support.annotation.Keep class * {*;}

-keepclasseswithmembers class * {
    @android.support.annotation.Keep <methods>;
}

-keepclasseswithmembers class * {
    @android.support.annotation.Keep <fields>;
}

-keepclasseswithmembers class * {
    @android.support.annotation.Keep <init>(...);
}

# These classes are duplicated between android.jar and org.apache.http.legacy.jar.
-dontnote org.apache.http.**
-dontnote android.net.http.**

# These classes are duplicated between android.jar and core-lambda-stubs.jar.
-dontnote java.lang.invoke.**

# End of content from Android Gradle plugin 9.3.1 (extracted file: C:\Users\jhust\Documents\jcr-guide-pro-source\android\app\build\intermediates\default_proguard_files\global\proguard-android-optimize.txt-9.3.1)
# The proguard configuration file for the following section is android\app\proguard-rules.pro
-keep class com.google.androidbrowserhelper.** { *; }
-keep class androidx.browser.** { *; }
-dontwarn com.google.androidbrowserhelper.**

# End of content from android\app\proguard-rules.pro
# The proguard configuration file for the following section is androidx.appcompat:appcompat:1.6.1 (extracted file: C:\Users\jhust\.gradle\caches\9.5.0\transforms\0f9e9431c1f0a1f55693aa77487f11c7\transformed\appcompat-1.6.1\proguard.txt)
# Copyright (C) 2018 The Android Open Source Project
#
# Licensed under the Apache License, Version 2.0 (the "License");
# you may not use this file except in compliance with the License.
# You may obtain a copy of the License at
#
#      http://www.apache.org/licenses/LICENSE-2.0
#
# Unless required by applicable law or agreed to in writing, software
# distributed under the License is distributed on an "AS IS" BASIS,
# WITHOUT WARRANTIES OR CONDITIONS OF ANY KIND, either express or implied.
# See the License for the specific language governing permissions and
# limitations under the License.

# aapt is not able to read app::actionViewClass and app:actionProviderClass to produce proguard
# keep rules. Add a commonly used SearchView to the keep list until b/109831488 is resolved.
-keep class androidx.appcompat.widget.SearchView { <init>(...); }

# Never inline methods, but allow shrinking and obfuscation.
-keepclassmembernames,allowobfuscation,allowshrinking class androidx.appcompat.widget.AppCompatTextViewAutoSizeHelper$Impl* {
  <methods>;
}

# End of content from androidx.appcompat:appcompat:1.6.1 (extracted file: C:\Users\jhust\.gradle\caches\9.5.0\transforms\0f9e9431c1f0a1f55693aa77487f11c7\transformed\appcompat-1.6.1\proguard.txt)
# The proguard configuration file for the following section is androidx.fragment:fragment:1.3.6 (extracted file: C:\Users\jhust\.gradle\caches\9.5.0\transforms\ec49da204eed51e5aa12e4977cefa058\transformed\fragment-1.3.6\proguard.txt)
# Copyright (C) 2020 The Android Open Source Project
#
# Licensed under the Apache License, Version 2.0 (the "License");
# you may not use this file except in compliance with the License.
# You may obtain a copy of the License at
#
#      http://www.apache.org/licenses/LICENSE-2.0
#
# Unless required by applicable law or agreed to in writing, software
# distributed under the License is distributed on an "AS IS" BASIS,
# WITHOUT WARRANTIES OR CONDITIONS OF ANY KIND, either express or implied.
# See the License for the specific language governing permissions and
# limitations under the License.

# The default FragmentFactory creates Fragment instances using reflection
-if public class ** extends androidx.fragment.app.Fragment
-keepclasseswithmembers,allowobfuscation public class <1> {
    public <init>();
}

# End of content from androidx.fragment:fragment:1.3.6 (extracted file: C:\Users\jhust\.gradle\caches\9.5.0\transforms\ec49da204eed51e5aa12e4977cefa058\transformed\fragment-1.3.6\proguard.txt)
# The proguard configuration file for the following section is androidx.lifecycle:lifecycle-viewmodel-savedstate:2.5.1 (extracted file: C:\Users\jhust\.gradle\caches\9.5.0\transforms\6543641ef516ed8bd8f708f02e3a665d\transformed\lifecycle-viewmodel-savedstate-2.5.1\proguard.txt)
-keepclassmembers,allowobfuscation class * extends androidx.lifecycle.ViewModel {
    <init>(androidx.lifecycle.SavedStateHandle);
}

-keepclassmembers,allowobfuscation class * extends androidx.lifecycle.AndroidViewModel {
    <init>(android.app.Application,androidx.lifecycle.SavedStateHandle);
}

# End of content from androidx.lifecycle:lifecycle-viewmodel-savedstate:2.5.1 (extracted file: C:\Users\jhust\.gradle\caches\9.5.0\transforms\6543641ef516ed8bd8f708f02e3a665d\transformed\lifecycle-viewmodel-savedstate-2.5.1\proguard.txt)
# The proguard configuration file for the following section is androidx.lifecycle:lifecycle-viewmodel:2.5.1 (extracted file: C:\Users\jhust\.gradle\caches\9.5.0\transforms\7e2d308f48d7c29b0d9b1df0d59af711\transformed\lifecycle-viewmodel-2.5.1\proguard.txt)
-keepclassmembers,allowobfuscation class * extends androidx.lifecycle.ViewModel {
    <init>();
}

-keepclassmembers,allowobfuscation class * extends androidx.lifecycle.AndroidViewModel {
    <init>(android.app.Application);
}

# End of content from androidx.lifecycle:lifecycle-viewmodel:2.5.1 (extracted file: C:\Users\jhust\.gradle\caches\9.5.0\transforms\7e2d308f48d7c29b0d9b1df0d59af711\transformed\lifecycle-viewmodel-2.5.1\proguard.txt)
# The proguard configuration file for the following section is androidx.savedstate:savedstate:1.2.0 (extracted file: C:\Users\jhust\.gradle\caches\9.5.0\transforms\c73bc8f36df4b52f52286b82350045f7\transformed\savedstate-1.2.0\proguard.txt)
# Copyright (C) 2019 The Android Open Source Project
#
# Licensed under the Apache License, Version 2.0 (the "License");
# you may not use this file except in compliance with the License.
# You may obtain a copy of the License at
#
#      http://www.apache.org/licenses/LICENSE-2.0
#
# Unless required by applicable law or agreed to in writing, software
# distributed under the License is distributed on an "AS IS" BASIS,
# WITHOUT WARRANTIES OR CONDITIONS OF ANY KIND, either express or implied.
# See the License for the specific language governing permissions and
# limitations under the License.

-keepclassmembers,allowobfuscation class * implements androidx.savedstate.SavedStateRegistry$AutoRecreated {
    <init>();
}

# End of content from androidx.savedstate:savedstate:1.2.0 (extracted file: C:\Users\jhust\.gradle\caches\9.5.0\transforms\c73bc8f36df4b52f52286b82350045f7\transformed\savedstate-1.2.0\proguard.txt)
# The proguard configuration file for the following section is androidx.webkit:webkit:1.11.0 (extracted file: C:\Users\jhust\.gradle\caches\9.5.0\transforms\fe5c193e93c0be8770a73234b24aec8d\transformed\webkit-1.11.0\proguard.txt)
# Copyright 2018 The Chromium Authors
# Use of this source code is governed by a BSD-style license that can be
# found in the LICENSE file.

# We need to avoid obfuscating the support library boundary interface because
# this API is shared with the Android Support Library.
# Note that we only 'keep' the package org.chromium.support_lib_boundary itself,
# any sub-packages of that package can still be obfuscated.
-keep public class org.chromium.support_lib_boundary.* { public *; }

# Copyright (C) 2018 The Android Open Source Project
#
# Licensed under the Apache License, Version 2.0 (the "License");
# you may not use this file except in compliance with the License.
# You may obtain a copy of the License at
#
#      http://www.apache.org/licenses/LICENSE-2.0
#
# Unless required by applicable law or agreed to in writing, software
# distributed under the License is distributed on an "AS IS" BASIS,
# WITHOUT WARRANTIES OR CONDITIONS OF ANY KIND, either express or implied.
# See the License for the specific language governing permissions and
# limitations under the License.

# Prevent WebViewClientCompat from being renamed, since chromium depends on this name.
-keepnames public class androidx.webkit.WebViewClientCompat

# Prevent ProcessGlobalConfig and member sProcessGlobalConfig from being renamed, since chromium
# depends on this name.
-keepnames public class androidx.webkit.ProcessGlobalConfig {
    private static final *** sProcessGlobalConfig;
}
# End of content from androidx.webkit:webkit:1.11.0 (extracted file: C:\Users\jhust\.gradle\caches\9.5.0\transforms\fe5c193e93c0be8770a73234b24aec8d\transformed\webkit-1.11.0\proguard.txt)
# The proguard configuration file for the following section is androidx.vectordrawable:vectordrawable-animated:1.1.0 (extracted file: C:\Users\jhust\.gradle\caches\9.5.0\transforms\45930dd2fb156d56878ac00e7ed974ac\transformed\vectordrawable-animated-1.1.0\proguard.txt)
# Copyright (C) 2016 The Android Open Source Project
#
# Licensed under the Apache License, Version 2.0 (the "License");
# you may not use this file except in compliance with the License.
# You may obtain a copy of the License at
#
#      http://www.apache.org/licenses/LICENSE-2.0
#
# Unless required by applicable law or agreed to in writing, software
# distributed under the License is distributed on an "AS IS" BASIS,
# WITHOUT WARRANTIES OR CONDITIONS OF ANY KIND, either express or implied.
# See the License for the specific language governing permissions and
# limitations under the License.

# keep setters in VectorDrawables so that animations can still work.
-keepclassmembers class androidx.vectordrawable.graphics.drawable.VectorDrawableCompat$* {
   void set*(***);
   *** get*();
}

# End of content from androidx.vectordrawable:vectordrawable-animated:1.1.0 (extracted file: C:\Users\jhust\.gradle\caches\9.5.0\transforms\45930dd2fb156d56878ac00e7ed974ac\transformed\vectordrawable-animated-1.1.0\proguard.txt)
# The proguard configuration file for the following section is androidx.core:core:1.9.0 (extracted file: C:\Users\jhust\.gradle\caches\9.5.0\transforms\4463cecf4472a5894897df2bcfb2d332\transformed\core-1.9.0\proguard.txt)
# Never inline methods, but allow shrinking and obfuscation.
-keepclassmembernames,allowobfuscation,allowshrinking class androidx.core.view.ViewCompat$Api* {
  <methods>;
}
-keepclassmembernames,allowobfuscation,allowshrinking class androidx.core.view.WindowInsetsCompat$*Impl* {
  <methods>;
}
-keepclassmembernames,allowobfuscation,allowshrinking class androidx.core.app.NotificationCompat$*$Api*Impl {
  <methods>;
}
-keepclassmembernames,allowobfuscation,allowshrinking class androidx.core.os.UserHandleCompat$Api*Impl {
  <methods>;
}
-keepclassmembernames,allowobfuscation,allowshrinking class androidx.core.widget.EdgeEffectCompat$Api*Impl {
  <methods>;
}

# End of content from androidx.core:core:1.9.0 (extracted file: C:\Users\jhust\.gradle\caches\9.5.0\transforms\4463cecf4472a5894897df2bcfb2d332\transformed\core-1.9.0\proguard.txt)
# The proguard configuration file for the following section is org.jetbrains.kotlinx:kotlinx-coroutines-core-jvm:1.6.1 (extracted file: C:\Users\jhust\.gradle\caches\9.5.0\transforms\b9ebee7c0247aec53802d7a4c23e2342\transformed\shrink-rules\lib\META-INF\com.android.tools\r8\coroutines.pro)
# When editing this file, update the following files as well:
# - META-INF/proguard/coroutines.pro
# - META-INF/com.android.tools/proguard/coroutines.pro

# Most of volatile fields are updated with AFU and should not be mangled
-keepclassmembers class kotlinx.coroutines.** {
    volatile <fields>;
}

# Same story for the standard library's SafeContinuation that also uses AtomicReferenceFieldUpdater
-keepclassmembers class kotlin.coroutines.SafeContinuation {
    volatile <fields>;
}

# These classes are only required by kotlinx.coroutines.debug.AgentPremain, which is only loaded when
# kotlinx-coroutines-core is used as a Java agent, so these are not needed in contexts where ProGuard is used.
-dontwarn java.lang.instrument.ClassFileTransformer
-dontwarn sun.misc.SignalHandler
-dontwarn java.lang.instrument.Instrumentation
-dontwarn sun.misc.Signal

# Only used in `kotlinx.coroutines.internal.ExceptionsConstructor`.
# The case when it is not available is hidden in a `try`-`catch`, as well as a check for Android.
-dontwarn java.lang.ClassValue

# An annotation used for build tooling, won't be directly accessed.
-dontwarn org.codehaus.mojo.animal_sniffer.IgnoreJRERequirement

# End of content from org.jetbrains.kotlinx:kotlinx-coroutines-core-jvm:1.6.1 (extracted file: C:\Users\jhust\.gradle\caches\9.5.0\transforms\b9ebee7c0247aec53802d7a4c23e2342\transformed\shrink-rules\lib\META-INF\com.android.tools\r8\coroutines.pro)
# The proguard configuration file for the following section is org.jetbrains.kotlinx:kotlinx-coroutines-android:1.6.1 (extracted file: C:\Users\jhust\.gradle\caches\9.5.0\transforms\3f332b31344fabc6b6fabadbb6a4bf53\transformed\shrink-rules\lib\META-INF\com.android.tools\r8-from-1.6.0\coroutines.pro)
# Allow R8 to optimize away the FastServiceLoader.
# Together with ServiceLoader optimization in R8
# this results in direct instantiation when loading Dispatchers.Main
-assumenosideeffects class kotlinx.coroutines.internal.MainDispatcherLoader {
    boolean FAST_SERVICE_LOADER_ENABLED return false;
}

-assumenosideeffects class kotlinx.coroutines.internal.FastServiceLoaderKt {
    boolean ANDROID_DETECTED return true;
}

-keep class kotlinx.coroutines.android.AndroidDispatcherFactory {*;}

# Disable support for "Missing Main Dispatcher", since we always have Android main dispatcher
-assumenosideeffects class kotlinx.coroutines.internal.MainDispatchersKt {
    boolean SUPPORT_MISSING return false;
}

# Statically turn off all debugging facilities and assertions
-assumenosideeffects class kotlinx.coroutines.DebugKt {
    boolean getASSERTIONS_ENABLED() return false;
    boolean getDEBUG() return false;
    boolean getRECOVER_STACK_TRACES() return false;
}

# End of content from org.jetbrains.kotlinx:kotlinx-coroutines-android:1.6.1 (extracted file: C:\Users\jhust\.gradle\caches\9.5.0\transforms\3f332b31344fabc6b6fabadbb6a4bf53\transformed\shrink-rules\lib\META-INF\com.android.tools\r8-from-1.6.0\coroutines.pro)
# The proguard configuration file for the following section is androidx.lifecycle:lifecycle-process:2.4.1 (extracted file: C:\Users\jhust\.gradle\caches\9.5.0\transforms\aa8d50ab1a19518caa19fe2444b0ae7e\transformed\lifecycle-process-2.4.1\proguard.txt)
# this rule is need to work properly when app is compiled with api 28, see b/142778206
-keepclassmembers class * extends androidx.lifecycle.EmptyActivityLifecycleCallbacks { *; }
# End of content from androidx.lifecycle:lifecycle-process:2.4.1 (extracted file: C:\Users\jhust\.gradle\caches\9.5.0\transforms\aa8d50ab1a19518caa19fe2444b0ae7e\transformed\lifecycle-process-2.4.1\proguard.txt)
# The proguard configuration file for the following section is androidx.lifecycle:lifecycle-runtime:2.5.1 (extracted file: C:\Users\jhust\.gradle\caches\9.5.0\transforms\f3f56fc8ac3a56fa6695b4b81ddc3fb0\transformed\lifecycle-runtime-2.5.1\proguard.txt)
-keepattributes AnnotationDefault,
                RuntimeVisibleAnnotations,
                RuntimeVisibleParameterAnnotations,
                RuntimeVisibleTypeAnnotations

-keepclassmembers enum androidx.lifecycle.Lifecycle$Event {
    <fields>;
}

-keep !interface * implements androidx.lifecycle.LifecycleObserver {
}

-keep class * implements androidx.lifecycle.GeneratedAdapter {
    <init>(...);
}

-keepclassmembers class ** {
    @androidx.lifecycle.OnLifecycleEvent *;
}

# this rule is need to work properly when app is compiled with api 28, see b/142778206
# Also this rule prevents registerIn from being inlined.
-keepclassmembers class androidx.lifecycle.ReportFragment$LifecycleCallbacks { *; }
# End of content from androidx.lifecycle:lifecycle-runtime:2.5.1 (extracted file: C:\Users\jhust\.gradle\caches\9.5.0\transforms\f3f56fc8ac3a56fa6695b4b81ddc3fb0\transformed\lifecycle-runtime-2.5.1\proguard.txt)
# The proguard configuration file for the following section is androidx.startup:startup-runtime:1.1.1 (extracted file: C:\Users\jhust\.gradle\caches\9.5.0\transforms\e71e0c35e4ae2746e2984bbbf6bdb8fa\transformed\startup-runtime-1.1.1\proguard.txt)
# It's important that we preserve initializer names, given they are used in the AndroidManifest.xml.
-keepnames class * extends androidx.startup.Initializer

# These Proguard rules ensures that ComponentInitializers are are neither shrunk nor obfuscated,
# and are a part of the primary dex file. This is because they are discovered and instantiated
# during application startup.
-keep class * extends androidx.startup.Initializer {
    # Keep the public no-argument constructor while allowing other methods to be optimized.
    <init>();
}

-assumenosideeffects class androidx.startup.StartupLogger { public static <methods>; }

# End of content from androidx.startup:startup-runtime:1.1.1 (extracted file: C:\Users\jhust\.gradle\caches\9.5.0\transforms\e71e0c35e4ae2746e2984bbbf6bdb8fa\transformed\startup-runtime-1.1.1\proguard.txt)