app/build/outputs/mapping/release/seeds.txt
com.jcrguidepro.app.MainActivity
com.jcrguidepro.app.MainActivity: MainActivity()
...
androidx.appcompat.widget.Toolbar: void setNavigationContentDescription(java.lang.CharSequence)
androidx.core.widget.PopupWindowCompat$Api19Impl: void showAsDropDown(android.widget.PopupWindow,android.view.View,int,int,int)
androidx.lifecycle.EmptyActivityLifecycleCallbacks: void onActivityDestroyed(android.app.Activity)
androidx.appcompat.widget.AppCompatButton: void setSupportCompoundDrawablesTintMode(android.graphics.PorterDuff$Mode)
androidx.appcompat.widget.AppCompatImageButton: void setSupportImageTintMode(android.graphics.PorterDuff$Mode)
androidx.core.view.WindowInsetsCompat$BuilderImpl20: WindowInsetsCompat$BuilderImpl20()
androidx.core.view.ViewCompat$Api28Impl: java.lang.CharSequence getAccessibilityPaneTitle(android.view.View)
androidx.core.view.ViewCompat$Api21Impl: void stopNestedScroll(android.view.View)
androidx.core.graphics.Insets$Api29Impl: android.graphics.Insets of(int,int,int,int)
androidx.appcompat.widget.Toolbar: void setLogoDescription(int)
androidx.core.view.WindowInsetsCompat$BuilderImpl20: android.view.WindowInsets createWindowInsetsInstance()
androidx.appcompat.widget.AppCompatSpinner: android.content.res.ColorStateList getSupportBackgroundTintList()
androidx.core.view.WindowInsetsCompat$BuilderImpl: void setSystemGestureInsets(androidx.core.graphics.Insets)
org.chromium.support_lib_boundary.ProfileStoreBoundaryInterface: java.lang.reflect.InvocationHandler getOrCreateProfile(java.lang.String)
org.chromium.support_lib_boundary.WebSettingsBoundaryInterface: void setOffscreenPreRaster(boolean)
androidx.core.graphics.drawable.DrawableCompat$Api19Impl: android.graphics.drawable.Drawable getDrawable(android.graphics.drawable.InsetDrawable)
org.chromium.support_lib_boundary.WebViewProviderFactoryBoundaryInterface: java.lang.String[] getSupportedFeatures()
androidx.core.view.ViewParentCompat$Api21Impl: boolean onNestedFling(android.view.ViewParent,android.view.View,float,float,boolean)
androidx.appcompat.widget.ViewStubCompat: void setVisibility(int)
androidx.vectordrawable.graphics.drawable.VectorDrawableCompat$VGroup: void setTranslateX(float)
androidx.appcompat.widget.AppCompatCheckBox: void setButtonDrawable(int)
androidx.core.view.WindowInsetsCompat$BuilderImpl29: void setSystemGestureInsets(androidx.core.graphics.Insets)
org.chromium.support_lib_boundary.ServiceWorkerControllerBoundaryInterface: java.lang.reflect.InvocationHandler getServiceWorkerWebSettings()
org.chromium.support_lib_boundary.WebSettingsBoundaryInterface: java.util.Map getUserAgentMetadataMap()
androidx.core.widget.NestedScrollView: NestedScrollView(android.content.Context,android.util.AttributeSet)
androidx.vectordrawable.graphics.drawable.VectorDrawableCompat$VFullPath: float getTrimPathStart()
androidx.core.graphics.drawable.DrawableCompat$Api19Impl: boolean isAutoMirrored(android.graphics.drawable.Drawable)
androidx.core.content.ContextCompat$Api21Impl: java.io.File getCodeCacheDir(android.content.Context)
androidx.appcompat.widget.AppCompatSpinner: void setPrompt(java.lang.CharSequence)
androidx.constraintlayout.widget.Guideline: void setGuidelineBegin(int)
androidx.core.view.MenuItemCompat$Api26Impl: java.lang.CharSequence getTooltipText(android.view.MenuItem)
androidx.core.view.ViewCompat$Api31Impl: void setOnReceiveContentListener(android.view.View,java.lang.String[],androidx.core.view.OnReceiveContentListener)
org.chromium.support_lib_boundary.WebViewProviderBoundaryInterface: void insertVisualStateCallback(long,java.lang.reflect.InvocationHandler)
androidx.core.view.ViewParentCompat$Api21Impl: void onNestedScroll(android.view.ViewParent,android.view.View,int,int,int,int)
androidx.appcompat.widget.AppCompatCheckedTextView: android.graphics.PorterDuff$Mode getSupportBackgroundTintMode()
androidx.vectordrawable.graphics.drawable.VectorDrawableCompat$VFullPath: float getStrokeWidth()
androidx.appcompat.widget.AppCompatTextView: android.content.res.ColorStateList getSupportBackgroundTintList()