app/build/outputs/mapping/release/usage.txt
com.jcrguidepro.app.MainActivity:
    private static final java.lang.String TAG
com.jcrguidepro.app.R$color
com.jcrguidepro.app.R$drawable
com.jcrguidepro.app.R$id:
    private void <init>()
com.jcrguidepro.app.R$layout:
    public static int activity_main
    private void <init>()
com.jcrguidepro.app.R$mipmap
com.jcrguidepro.app.R$string
com.jcrguidepro.app.R$style
com.jcrguidepro.app.R$xml
com.jcrguidepro.app.R
com.jcrguidepro.app.R$id
com.jcrguidepro.app.R$layout
...
androidx.appcompat.widget.ActionBarContextView:
    public synthetic bridge void animateToVisibility(int)
    public synthetic bridge boolean canShowOverflowMenu()
    public synthetic bridge void dismissPopupMenus()
    public boolean hideOverflowMenu()
    public synthetic bridge boolean isOverflowMenuShowPending()
    public boolean isOverflowMenuShowing()
    public synthetic bridge boolean isOverflowReserved()
    public synthetic bridge void postShowOverflowMenu()
androidx.appcompat.widget.ActionBarOverlayLayout$LayoutParams:
    public void <init>(android.view.ViewGroup$MarginLayoutParams)
androidx.appcompat.widget.ActionBarOverlayLayout:
    private static final int ACTION_BAR_ANIMATE_DELAY
    private static final java.lang.String TAG
    private final android.graphics.Rect mBaseInnerInsetsRect
    private final android.graphics.Rect mInnerInsetsRect
    private final android.graphics.Rect mLastBaseInnerInsetsRect
    private final android.graphics.Rect mLastInnerInsetsRect
    public boolean hasIcon()
    public boolean hasLogo()
    public boolean isHideOnContentScrollEnabled()
    public void restoreToolbarHierarchyState(android.util.SparseArray)
    public void saveToolbarHierarchyState(android.util.SparseArray)
androidx.appcompat.widget.ActionMenuPresenter$OverflowMenuButton$1:
    final synthetic androidx.appcompat.widget.ActionMenuPresenter val$this$0
androidx.appcompat.widget.ActionMenuPresenter$SavedState$1
androidx.appcompat.widget.ActionMenuPresenter$SavedState
androidx.appcompat.widget.ActionMenuPresenter:
    private static final java.lang.String TAG
    private boolean mMaxItemsSet
    int mOpenSubMenuId
    private boolean mStrictWidthLimit
    private boolean mWidthLimitSet
    public boolean isOverflowReserved()
    public void onRestoreInstanceState(android.os.Parcelable)
    public android.os.Parcelable onSaveInstanceState()
    public void onSubUiVisibilityChanged(boolean)
    public void setItemLimit(int)
    public void setWidthLimit(int,boolean)
androidx.appcompat.widget.ActionMenuView$LayoutParams:
    void <init>(int,int,boolean)
androidx.appcompat.widget.ActionMenuView:
    static final int GENERATED_ITEM_PADDING
    static final int MIN_CELL_SIZE
    private static final java.lang.String TAG
androidx.appcompat.widget.ActivityChooserModel$ActivityChooserModelClient
androidx.appcompat.widget.ActivityChooserModel$ActivityResolveInfo
androidx.appcompat.widget.ActivityChooserModel$ActivitySorter
androidx.appcompat.widget.ActivityChooserModel$DefaultSorter
androidx.appcompat.widget.ActivityChooserModel$HistoricalRecord
androidx.appcompat.widget.ActivityChooserModel$OnChooseActivityListener
androidx.appcompat.widget.ActivityChooserModel$PersistHistoryAsyncTask
androidx.appcompat.widget.ActivityChooserModel
androidx.appcompat.widget.ActivityChooserView$1
androidx.appcompat.widget.ActivityChooserView$2
androidx.appcompat.widget.ActivityChooserView$3
androidx.appcompat.widget.ActivityChooserView$4
androidx.appcompat.widget.ActivityChooserView$5
androidx.appcompat.widget.ActivityChooserView$ActivityChooserViewAdapter
androidx.appcompat.widget.ActivityChooserView$Callbacks
androidx.appcompat.widget.ActivityChooserView$InnerLayout
androidx.appcompat.widget.ActivityChooserView
androidx.appcompat.widget.AppCompatAutoCompleteTextView:
    public void <init>(android.content.Context)
    public boolean isEmojiCompatEnabled()
androidx.appcompat.widget.AppCompatButton:
    public void <init>(android.content.Context)
    public boolean isEmojiCompatEnabled()
androidx.appcompat.widget.AppCompatCheckBox:
    public void <init>(android.content.Context)
    public boolean isEmojiCompatEnabled()
androidx.appcompat.widget.AppCompatCheckedTextView:
    public void <init>(android.content.Context)
    public boolean isEmojiCompatEnabled()